TN:
SF:src/handler/constants.handler.ts
FNF:0
FNH:0
DA:1,1
DA:3,1
DA:14,1
DA:22,1
LF:4
LH:4
BRF:0
BRH:0
end_of_record
TN:
SF:src/handler/organisation.handler.ts
FN:8,(anonymous_7)
FN:13,(anonymous_8)
FN:34,(anonymous_10)
FNF:3
FNH:3
FNDA:6,(anonymous_7)
FNDA:3,(anonymous_8)
FNDA:3,(anonymous_10)
DA:9,6
DA:10,6
DA:14,3
DA:15,3
DA:18,2
DA:20,2
DA:23,1
DA:25,2
DA:27,1
DA:29,1
DA:30,1
DA:35,3
DA:36,3
DA:39,2
DA:42,1
DA:44,2
DA:46,1
DA:48,1
DA:49,1
DA:54,1
LF:20
LH:20
BRDA:25,0,0,1
BRDA:25,0,1,1
BRDA:25,1,0,0
BRDA:25,1,1,2
BRDA:25,2,0,2
BRDA:25,2,1,2
BRDA:27,3,0,0
BRDA:27,3,1,1
BRDA:27,4,0,1
BRDA:27,4,1,1
BRDA:44,5,0,1
BRDA:44,5,1,1
BRDA:44,6,0,0
BRDA:44,6,1,2
BRDA:44,7,0,2
BRDA:44,7,1,2
BRDA:46,8,0,0
BRDA:46,8,1,1
BRDA:46,9,0,1
BRDA:46,9,1,1
BRF:20
BRH:16
end_of_record
TN:
SF:src/handler/schema.handler.ts
FN:5,(anonymous_0)
FNF:1
FNH:1
FNDA:6,(anonymous_0)
DA:2,1
DA:6,6
DA:8,6
DA:9,4
DA:12,2
DA:13,2
DA:15,2
DA:16,2
DA:20,1
LF:9
LH:9
BRDA:8,0,0,4
BRDA:8,0,1,2
BRDA:15,1,0,2
BRDA:15,1,1,2
BRF:4
BRH:4
end_of_record
TN:
SF:src/usecase/organisation.usecase.ts
FN:13,(anonymous_7)
FN:17,(anonymous_8)
FN:33,(anonymous_10)
FN:79,(anonymous_12)
FN:89,(anonymous_13)
FN:96,(anonymous_14)
FNF:6
FNH:6
FNDA:6,(anonymous_7)
FNDA:3,(anonymous_8)
FNDA:3,(anonymous_10)
FNDA:6,(anonymous_12)
FNDA:3,(anonymous_13)
FNDA:3,(anonymous_14)
DA:14,6
DA:18,3
DA:19,3
DA:22,1
DA:24,2
DA:26,1
DA:28,1
DA:29,1
DA:34,3
DA:35,3
DA:37,3
DA:39,3
DA:40,3
DA:41,3
DA:43,3
DA:44,3
DA:46,3
DA:48,3
DA:50,3
DA:52,3
DA:54,3
DA:57,3
DA:58,1
DA:60,1
DA:61,1
DA:62,1
DA:64,1
DA:67,1
DA:68,1
DA:70,2
DA:72,1
DA:74,1
DA:75,1
DA:83,6
DA:85,6
DA:86,3
DA:89,3
DA:90,3
DA:92,3
DA:93,3
DA:100,3
DA:101,3
DA:102,3
DA:107,1
LF:44
LH:44
BRDA:24,0,0,1
BRDA:24,0,1,1
BRDA:24,1,0,0
BRDA:24,1,1,2
BRDA:24,2,0,2
BRDA:24,2,1,2
BRDA:26,3,0,0
BRDA:26,3,1,1
BRDA:26,4,0,1
BRDA:26,4,1,1
BRDA:70,5,0,1
BRDA:70,5,1,1
BRDA:70,6,0,0
BRDA:70,6,1,2
BRDA:70,7,0,2
BRDA:70,7,1,2
BRDA:72,8,0,0
BRDA:72,8,1,1
BRDA:72,9,0,1
BRDA:72,9,1,1
BRDA:85,10,0,3
BRDA:85,10,1,3
BRDA:85,11,0,6
BRDA:85,11,1,6
BRDA:85,11,2,6
BRF:25
BRH:21
end_of_record
